 17: 北ン tblCommon ? TrueDBGrid60.TDBGrid ぃO@?w[?罕饱?C
 175: 北ン tabDetailInfo ? TabDlg.SSTab ぃO@?w[?罕饱?C
 624: 北ン tblDetail ? TrueDBGrid60.TDBGrid ぃO@?w[?罕饱?C
 20: ?┦W OleObjectBlob b tblCommon いO?莫骸C
 182: ?┦W _ExtentX b tabDetailInfo いO?莫骸C
 183: ?┦W _ExtentY b tabDetailInfo いO?莫骸C
 184: ?┦W _Version b tabDetailInfo いO?莫骸C
 185: ?┦W TabOrientation b tabDetailInfo いO?莫骸C
 186: ?┦W Tabs b tabDetailInfo いO?莫骸C
 187: ?┦W Tab b tabDetailInfo いO?莫骸C
 188: ?┦W TabsPerRow b tabDetailInfo いO?莫骸C
 189: ?┦W TabHeight b tabDetailInfo いO?莫骸C
 190: ?┦W ShowFocusRect b tabDetailInfo いO?莫骸C
 191: ?┦W TabCaption(0) b tabDetailInfo いO?莫骸C
 192: ?┦W TabPicture(0) b tabDetailInfo いO?莫骸C
 193: ?┦W Tab(0).ControlEnabled b tabDetailInfo いO?莫骸C
 194: ?┦W Tab(0).Control(0) b tabDetailInfo いO?莫骸C
 195: ?┦W Tab(0).Control(0).Enabled b tabDetailInfo いO?莫骸C
 196: ?┦W Tab(0).Control(1) b tabDetailInfo いO?莫骸C
 197: ?┦W Tab(0).Control(1).Enabled b tabDetailInfo いO?莫骸C
 198: ?┦W Tab(0).Control(2) b tabDetailInfo いO?莫骸C
 199: ?┦W Tab(0).Control(2).Enabled b tabDetailInfo いO?莫骸C
 200: ?┦W Tab(0).Control(3) b tabDetailInfo いO?莫骸C
 201: ?┦W Tab(0).Control(3).Enabled b tabDetailInfo いO?莫骸C
 202: ?┦W Tab(0).Control(4) b tabDetailInfo いO?莫骸C
 203: ?┦W Tab(0).Control(4).Enabled b tabDetailInfo いO?莫骸C
 204: ?┦W Tab(0).Control(5) b tabDetailInfo いO?莫骸C
 205: ?┦W Tab(0).Control(5).Enabled b tabDetailInfo いO?莫骸C
 206: ?┦W Tab(0).Control(6) b tabDetailInfo いO?莫骸C
 207: ?┦W Tab(0).Control(6).Enabled b tabDetailInfo いO?莫骸C
 208: ?┦W Tab(0).Control(7) b tabDetailInfo いO?莫骸C
 209: ?┦W Tab(0).Control(7).Enabled b tabDetailInfo いO?莫骸C
 210: ?┦W Tab(0).ControlCount b tabDetailInfo いO?莫骸C
 211: ?┦W TabCaption(1) b tabDetailInfo いO?莫骸C
 212: ?┦W TabPicture(1) b tabDetailInfo いO?莫骸C
 213: ?┦W Tab(1).ControlEnabled b tabDetailInfo いO?莫骸C
 214: ?┦W Tab(1).Control(0) b tabDetailInfo いO?莫骸C
 215: ?┦W Tab(1).Control(0).Enabled b tabDetailInfo いO?莫骸C
 216: ?┦W Tab(1).Control(1) b tabDetailInfo いO?莫骸C
 217: ?┦W Tab(1).Control(1).Enabled b tabDetailInfo いO?莫骸C
 218: ?┦W Tab(1).Control(2) b tabDetailInfo いO?莫骸C
 219: ?┦W Tab(1).Control(2).Enabled b tabDetailInfo いO?莫骸C
 220: ?┦W Tab(1).Control(3) b tabDetailInfo いO?莫骸C
 221: ?┦W Tab(1).Control(3).Enabled b tabDetailInfo いO?莫骸C
 222: ?┦W Tab(1).ControlCount b tabDetailInfo いO?莫骸C
 223: ?┦W TabCaption(2) b tabDetailInfo いO?莫骸C
 224: ?┦W TabPicture(2) b tabDetailInfo いO?莫骸C
 225: ?┦W Tab(2).ControlEnabled b tabDetailInfo いO?莫骸C
 226: ?┦W Tab(2).Control(0) b tabDetailInfo いO?莫骸C
 227: ?┦W Tab(2).Control(0).Enabled b tabDetailInfo いO?莫骸C
 228: ?┦W Tab(2).Control(1) b tabDetailInfo いO?莫骸C
 229: ?┦W Tab(2).Control(1).Enabled b tabDetailInfo いO?莫骸C
 230: ?┦W Tab(2).Control(2) b tabDetailInfo いO?莫骸C
 231: ?┦W Tab(2).Control(2).Enabled b tabDetailInfo いO?莫骸C
 232: ?┦W Tab(2).Control(3) b tabDetailInfo いO?莫骸C
 233: ?┦W Tab(2).Control(3).Enabled b tabDetailInfo いO?莫骸C
 234: ?┦W Tab(2).Control(4) b tabDetailInfo いO?莫骸C
 235: ?┦W Tab(2).Control(4).Enabled b tabDetailInfo いO?莫骸C
 236: ?┦W Tab(2).Control(5) b tabDetailInfo いO?莫骸C
 237: ?┦W Tab(2).Control(5).Enabled b tabDetailInfo いO?莫骸C
 238: ?┦W Tab(2).Control(6) b tabDetailInfo いO?莫骸C
 239: ?┦W Tab(2).Control(6).Enabled b tabDetailInfo いO?莫骸C
 240: ?┦W Tab(2).Control(7) b tabDetailInfo いO?莫骸C
 241: ?┦W Tab(2).Control(7).Enabled b tabDetailInfo いO?莫骸C
 242: ?┦W Tab(2).Control(8) b tabDetailInfo いO?莫骸C
 243: ?┦W Tab(2).Control(8).Enabled b tabDetailInfo いO?莫骸C
 244: ?┦W Tab(2).Control(9) b tabDetailInfo いO?莫骸C
 245: ?┦W Tab(2).Control(9).Enabled b tabDetailInfo いO?莫骸C
 246: ?┦W Tab(2).Control(10) b tabDetailInfo いO?莫骸C
 247: ?┦W Tab(2).Control(10).Enabled b tabDetailInfo いO?莫骸C
 248: ?┦W Tab(2).Control(11) b tabDetailInfo いO?莫骸C
 249: ?┦W Tab(2).Control(11).Enabled b tabDetailInfo いO?莫骸C
 250: ?┦W Tab(2).Control(12) b tabDetailInfo いO?莫骸C
 251: ?┦W Tab(2).Control(12).Enabled b tabDetailInfo いO?莫骸C
 252: ?┦W Tab(2).Control(13) b tabDetailInfo いO?莫骸C
 253: ?┦W Tab(2).Control(13).Enabled b tabDetailInfo いO?莫骸C
 254: ?┦W Tab(2).Control(14) b tabDetailInfo いO?莫骸C
 255: ?┦W Tab(2).Control(14).Enabled b tabDetailInfo いO?莫骸C
 256: ?┦W Tab(2).Control(15) b tabDetailInfo いO?莫骸C
 257: ?┦W Tab(2).Control(15).Enabled b tabDetailInfo いO?莫骸C
 258: ?┦W Tab(2).Control(16) b tabDetailInfo いO?莫骸C
 259: ?┦W Tab(2).Control(16).Enabled b tabDetailInfo いO?莫骸C
 260: ?┦W Tab(2).Control(17) b tabDetailInfo いO?莫骸C
 261: ?┦W Tab(2).Control(17).Enabled b tabDetailInfo いO?莫骸C
 262: ?┦W Tab(2).Control(18) b tabDetailInfo いO?莫骸C
 263: ?┦W Tab(2).Control(18).Enabled b tabDetailInfo いO?莫骸C
 264: ?┦W Tab(2).Control(19) b tabDetailInfo いO?莫骸C
 265: ?┦W Tab(2).Control(19).Enabled b tabDetailInfo いO?莫骸C
 266: ?┦W Tab(2).Control(20) b tabDetailInfo いO?莫骸C
 267: ?┦W Tab(2).Control(20).Enabled b tabDetailInfo いO?莫骸C
 268: ?┦W Tab(2).ControlCount b tabDetailInfo いO?莫骸C
 269: ?┦W TabCaption(3) b tabDetailInfo いO?莫骸C
 270: ?┦W TabPicture(3) b tabDetailInfo いO?莫骸C
 271: ?┦W Tab(3).ControlEnabled b tabDetailInfo いO?莫骸C
 272: ?┦W Tab(3).Control(0) b tabDetailInfo いO?莫骸C
 273: ?┦W Tab(3).Control(1) b tabDetailInfo いO?莫骸C
 274: ?┦W Tab(3).Control(2) b tabDetailInfo いO?莫骸C
 275: ?┦W Tab(3).Control(3) b tabDetailInfo いO?莫骸C
 276: ?┦W Tab(3).Control(4) b tabDetailInfo いO?莫骸C
 277: ?┦W Tab(3).Control(5) b tabDetailInfo いO?莫骸C
 278: ?┦W Tab(3).Control(6) b tabDetailInfo いO?莫骸C
 279: ?┦W Tab(3).Control(7) b tabDetailInfo いO?莫骸C
 280: ?┦W Tab(3).Control(8) b tabDetailInfo いO?莫骸C
 281: ?┦W Tab(3).Control(9) b tabDetailInfo いO?莫骸C
 282: ?┦W Tab(3).Control(10) b tabDetailInfo いO?莫骸C
 283: ?┦W Tab(3).Control(11) b tabDetailInfo いO?莫骸C
 284: ?┦W Tab(3).Control(12) b tabDetailInfo いO?莫骸C
 285: ?┦W Tab(3).Control(13) b tabDetailInfo いO?莫骸C
 286: ?┦W Tab(3).Control(14) b tabDetailInfo いO?莫骸C
 287: ?┦W Tab(3).Control(15) b tabDetailInfo いO?莫骸C
 288: ?┦W Tab(3).Control(16) b tabDetailInfo いO?莫骸C
 289: ?┦W Tab(3).Control(17) b tabDetailInfo いO?莫骸C
 290: ?┦W Tab(3).Control(18) b tabDetailInfo いO?莫骸C
 291: ?┦W Tab(3).Control(19) b tabDetailInfo いO?莫骸C
 292: ?┦W Tab(3).Control(20) b tabDetailInfo いO?莫骸C
 293: ?┦W Tab(3).Control(21) b tabDetailInfo いO?莫骸C
 294: ?┦W Tab(3).Control(22) b tabDetailInfo いO?莫骸C
 295: ?┦W Tab(3).Control(23) b tabDetailInfo いO?莫骸C
 296: ?┦W Tab(3).ControlCount b tabDetailInfo いO?莫骸C
 627: ?┦W OleObjectBlob b tblDetail いO?莫骸C
